<?xml version="1.0" encoding="UTF-8"?>
<!-- Generated by org.testng.reporters.JUnitXMLReporter -->
<testsuite ignored="0" hostname="LakshmiPC" failures="0" tests="2" name="Test_Chrome" time="2.267" errors="0" timestamp="16 Sep 2022 16:24:43 GMT">
  <testcase classname="generic.Generic_Test" name="@BeforeMethod openAppn" time="1.422">
    <failure type="org.openqa.selenium.SessionNotCreatedException" message="session not created: This version of ChromeDriver only supports Chrome version 103
Current browser version is 105.0.5195.127 with binary path C:\Program Files\Google\Chrome\Application\chrome.exe
Build info: version: &amp;apos;3.141.59&amp;apos;, revision: &amp;apos;e82be7d358&amp;apos;, time: &amp;apos;2018-11-14T08:17:03&amp;apos;
System info: host: &amp;apos;LAKSHMIPC&amp;apos;, ip: &amp;apos;192.168.43.133&amp;apos;, os.name: &amp;apos;Windows 11&amp;apos;, os.arch: &amp;apos;amd64&amp;apos;, os.version: &amp;apos;10.0&amp;apos;, java.version: &amp;apos;18.0.1.1&amp;apos;
Driver info: driver.version: ChromeDriver
remote stacktrace: Backtrace:
	Ordinal0 [0x00635FD3+2187219]
	Ordinal0 [0x005CE6D1+1763025]
	Ordinal0 [0x004E3E78+802424]
	Ordinal0 [0x005051F9+938489]
	Ordinal0 [0x00500DDC+921052]
	Ordinal0 [0x004FE691+910993]
	Ordinal0 [0x005317F0+1120240]
	Ordinal0 [0x0053144A+1119306]
	Ordinal0 [0x0052C9A6+1100198]
	Ordinal0 [0x00506F80+946048]
	Ordinal0 [0x00507E76+949878]
	GetHandleVerifier [0x008D90C2+2721218]
	GetHandleVerifier [0x008CAAF0+2662384]
	GetHandleVerifier [0x006C137A+526458]
	GetHandleVerifier [0x006C0416+522518]
	Ordinal0 [0x005D4EAB+1789611]
	Ordinal0 [0x005D97A8+1808296]
	Ordinal0 [0x005D9895+1808533]
	Ordinal0 [0x005E26C1+1844929]
	BaseThreadInitThunk [0x76FB6739+25]
	RtlGetFullPathName_UEx [0x77AD90AF+1215]
	RtlGetFullPathName_UEx [0x77AD907D+1165]
">
      <![CDATA[org.openqa.selenium.SessionNotCreatedException: session not created: This version of ChromeDriver only supports Chrome version 103
Current browser version is 105.0.5195.127 with binary path C:\Program Files\Google\Chrome\Application\chrome.exe
Build info: version: '3.141.59', revision: 'e82be7d358', time: '2018-11-14T08:17:03'
System info: host: 'LAKSHMIPC', ip: '192.168.43.133', os.name: 'Windows 11', os.arch: 'amd64', os.version: '10.0', java.version: '18.0.1.1'
Driver info: driver.version: ChromeDriver
remote stacktrace: Backtrace:
Ordinal0 [0x00635FD3+2187219]
Ordinal0 [0x005CE6D1+1763025]
Ordinal0 [0x004E3E78+802424]
Ordinal0 [0x005051F9+938489]
Ordinal0 [0x00500DDC+921052]
Ordinal0 [0x004FE691+910993]
Ordinal0 [0x005317F0+1120240]
Ordinal0 [0x0053144A+1119306]
Ordinal0 [0x0052C9A6+1100198]
Ordinal0 [0x00506F80+946048]
Ordinal0 [0x00507E76+949878]
GetHandleVerifier [0x008D90C2+2721218]
GetHandleVerifier [0x008CAAF0+2662384]
GetHandleVerifier [0x006C137A+526458]
GetHandleVerifier [0x006C0416+522518]
Ordinal0 [0x005D4EAB+1789611]
Ordinal0 [0x005D97A8+1808296]
Ordinal0 [0x005D9895+1808533]
Ordinal0 [0x005E26C1+1844929]
BaseThreadInitThunk [0x76FB6739+25]
RtlGetFullPathName_UEx [0x77AD90AF+1215]
RtlGetFullPathName_UEx [0x77AD907D+1165]

at org.openqa.selenium.remote.W3CHandshakeResponse.lambda$errorHandler$0(W3CHandshakeResponse.java:62)
at org.openqa.selenium.remote.HandshakeResponse.lambda$getResponseFunction$0(HandshakeResponse.java:30)
at org.openqa.selenium.remote.ProtocolHandshake.lambda$createSession$0(ProtocolHandshake.java:126)
at java.base/java.util.stream.ReferencePipeline$3$1.accept(ReferencePipeline.java:197)
at java.base/java.util.Spliterators$ArraySpliterator.tryAdvance(Spliterators.java:1002)
at java.base/java.util.stream.ReferencePipeline.forEachWithCancel(ReferencePipeline.java:129)
at java.base/java.util.stream.AbstractPipeline.copyIntoWithCancel(AbstractPipeline.java:527)
at java.base/java.util.stream.AbstractPipeline.copyInto(AbstractPipeline.java:513)
at java.base/java.util.stream.AbstractPipeline.wrapAndCopyInto(AbstractPipeline.java:499)
at java.base/java.util.stream.FindOps$FindOp.evaluateSequential(FindOps.java:150)
at java.base/java.util.stream.AbstractPipeline.evaluate(AbstractPipeline.java:234)
at java.base/java.util.stream.ReferencePipeline.findFirst(ReferencePipeline.java:647)
at org.openqa.selenium.remote.ProtocolHandshake.createSession(ProtocolHandshake.java:128)
at org.openqa.selenium.remote.ProtocolHandshake.createSession(ProtocolHandshake.java:74)
at org.openqa.selenium.remote.HttpCommandExecutor.execute(HttpCommandExecutor.java:136)
at org.openqa.selenium.remote.service.DriverCommandExecutor.execute(DriverCommandExecutor.java:83)
at org.openqa.selenium.remote.RemoteWebDriver.execute(RemoteWebDriver.java:552)
at org.openqa.selenium.remote.RemoteWebDriver.startSession(RemoteWebDriver.java:213)
at org.openqa.selenium.remote.RemoteWebDriver.<init>(RemoteWebDriver.java:131)
at org.openqa.selenium.chrome.ChromeDriver.<init>(ChromeDriver.java:181)
at org.openqa.selenium.chrome.ChromeDriver.<init>(ChromeDriver.java:168)
at org.openqa.selenium.chrome.ChromeDriver.<init>(ChromeDriver.java:123)
at generic.BrowserFactory.getBrowser(BrowserFactory.java:21)
at generic.Generic_Test.openAppn(Generic_Test.java:32)
at java.base/java.util.concurrent.FutureTask.run(FutureTask.java:264)
at java.base/java.util.concurrent.ThreadPoolExecutor.runWorker(ThreadPoolExecutor.java:1136)
at java.base/java.util.concurrent.ThreadPoolExecutor$Worker.run(ThreadPoolExecutor.java:635)
at java.base/java.lang.Thread.run(Thread.java:833)
... Removed 20 stack frames]]>
    </failure>
  </testcase> <!-- @BeforeMethod openAppn -->
  <testcase classname="generic.Generic_Test" name="@AfterMethod closeAppn" time="0.0">
    <skipped/>
  </testcase> <!-- @AfterMethod closeAppn -->
  <testcase classname="generic.Generic_Test" name="@BeforeMethod openAppn" time="0.833">
    <failure type="org.openqa.selenium.SessionNotCreatedException" message="session not created: This version of ChromeDriver only supports Chrome version 103
Current browser version is 105.0.5195.127 with binary path C:\Program Files\Google\Chrome\Application\chrome.exe
Build info: version: &amp;apos;3.141.59&amp;apos;, revision: &amp;apos;e82be7d358&amp;apos;, time: &amp;apos;2018-11-14T08:17:03&amp;apos;
System info: host: &amp;apos;LAKSHMIPC&amp;apos;, ip: &amp;apos;192.168.43.133&amp;apos;, os.name: &amp;apos;Windows 11&amp;apos;, os.arch: &amp;apos;amd64&amp;apos;, os.version: &amp;apos;10.0&amp;apos;, java.version: &amp;apos;18.0.1.1&amp;apos;
Driver info: driver.version: ChromeDriver
remote stacktrace: Backtrace:
	Ordinal0 [0x00635FD3+2187219]
	Ordinal0 [0x005CE6D1+1763025]
	Ordinal0 [0x004E3E78+802424]
	Ordinal0 [0x005051F9+938489]
	Ordinal0 [0x00500DDC+921052]
	Ordinal0 [0x004FE691+910993]
	Ordinal0 [0x005317F0+1120240]
	Ordinal0 [0x0053144A+1119306]
	Ordinal0 [0x0052C9A6+1100198]
	Ordinal0 [0x00506F80+946048]
	Ordinal0 [0x00507E76+949878]
	GetHandleVerifier [0x008D90C2+2721218]
	GetHandleVerifier [0x008CAAF0+2662384]
	GetHandleVerifier [0x006C137A+526458]
	GetHandleVerifier [0x006C0416+522518]
	Ordinal0 [0x005D4EAB+1789611]
	Ordinal0 [0x005D97A8+1808296]
	Ordinal0 [0x005D9895+1808533]
	Ordinal0 [0x005E26C1+1844929]
	BaseThreadInitThunk [0x76FB6739+25]
	RtlGetFullPathName_UEx [0x77AD90AF+1215]
	RtlGetFullPathName_UEx [0x77AD907D+1165]
">
      <![CDATA[org.openqa.selenium.SessionNotCreatedException: session not created: This version of ChromeDriver only supports Chrome version 103
Current browser version is 105.0.5195.127 with binary path C:\Program Files\Google\Chrome\Application\chrome.exe
Build info: version: '3.141.59', revision: 'e82be7d358', time: '2018-11-14T08:17:03'
System info: host: 'LAKSHMIPC', ip: '192.168.43.133', os.name: 'Windows 11', os.arch: 'amd64', os.version: '10.0', java.version: '18.0.1.1'
Driver info: driver.version: ChromeDriver
remote stacktrace: Backtrace:
Ordinal0 [0x00635FD3+2187219]
Ordinal0 [0x005CE6D1+1763025]
Ordinal0 [0x004E3E78+802424]
Ordinal0 [0x005051F9+938489]
Ordinal0 [0x00500DDC+921052]
Ordinal0 [0x004FE691+910993]
Ordinal0 [0x005317F0+1120240]
Ordinal0 [0x0053144A+1119306]
Ordinal0 [0x0052C9A6+1100198]
Ordinal0 [0x00506F80+946048]
Ordinal0 [0x00507E76+949878]
GetHandleVerifier [0x008D90C2+2721218]
GetHandleVerifier [0x008CAAF0+2662384]
GetHandleVerifier [0x006C137A+526458]
GetHandleVerifier [0x006C0416+522518]
Ordinal0 [0x005D4EAB+1789611]
Ordinal0 [0x005D97A8+1808296]
Ordinal0 [0x005D9895+1808533]
Ordinal0 [0x005E26C1+1844929]
BaseThreadInitThunk [0x76FB6739+25]
RtlGetFullPathName_UEx [0x77AD90AF+1215]
RtlGetFullPathName_UEx [0x77AD907D+1165]

at org.openqa.selenium.remote.W3CHandshakeResponse.lambda$errorHandler$0(W3CHandshakeResponse.java:62)
at org.openqa.selenium.remote.HandshakeResponse.lambda$getResponseFunction$0(HandshakeResponse.java:30)
at org.openqa.selenium.remote.ProtocolHandshake.lambda$createSession$0(ProtocolHandshake.java:126)
at java.base/java.util.stream.ReferencePipeline$3$1.accept(ReferencePipeline.java:197)
at java.base/java.util.Spliterators$ArraySpliterator.tryAdvance(Spliterators.java:1002)
at java.base/java.util.stream.ReferencePipeline.forEachWithCancel(ReferencePipeline.java:129)
at java.base/java.util.stream.AbstractPipeline.copyIntoWithCancel(AbstractPipeline.java:527)
at java.base/java.util.stream.AbstractPipeline.copyInto(AbstractPipeline.java:513)
at java.base/java.util.stream.AbstractPipeline.wrapAndCopyInto(AbstractPipeline.java:499)
at java.base/java.util.stream.FindOps$FindOp.evaluateSequential(FindOps.java:150)
at java.base/java.util.stream.AbstractPipeline.evaluate(AbstractPipeline.java:234)
at java.base/java.util.stream.ReferencePipeline.findFirst(ReferencePipeline.java:647)
at org.openqa.selenium.remote.ProtocolHandshake.createSession(ProtocolHandshake.java:128)
at org.openqa.selenium.remote.ProtocolHandshake.createSession(ProtocolHandshake.java:74)
at org.openqa.selenium.remote.HttpCommandExecutor.execute(HttpCommandExecutor.java:136)
at org.openqa.selenium.remote.service.DriverCommandExecutor.execute(DriverCommandExecutor.java:83)
at org.openqa.selenium.remote.RemoteWebDriver.execute(RemoteWebDriver.java:552)
at org.openqa.selenium.remote.RemoteWebDriver.startSession(RemoteWebDriver.java:213)
at org.openqa.selenium.remote.RemoteWebDriver.<init>(RemoteWebDriver.java:131)
at org.openqa.selenium.chrome.ChromeDriver.<init>(ChromeDriver.java:181)
at org.openqa.selenium.chrome.ChromeDriver.<init>(ChromeDriver.java:168)
at org.openqa.selenium.chrome.ChromeDriver.<init>(ChromeDriver.java:123)
at generic.BrowserFactory.getBrowser(BrowserFactory.java:21)
at generic.Generic_Test.openAppn(Generic_Test.java:32)
at java.base/java.util.concurrent.FutureTask.run(FutureTask.java:264)
at java.base/java.util.concurrent.ThreadPoolExecutor.runWorker(ThreadPoolExecutor.java:1136)
at java.base/java.util.concurrent.ThreadPoolExecutor$Worker.run(ThreadPoolExecutor.java:635)
at java.base/java.lang.Thread.run(Thread.java:833)
... Removed 20 stack frames]]>
    </failure>
  </testcase> <!-- @BeforeMethod openAppn -->
  <testcase classname="generic.Generic_Test" name="@AfterMethod closeAppn" time="0.0">
    <skipped/>
  </testcase> <!-- @AfterMethod closeAppn -->
  <testcase classname="regressionscripts.ValidLogin" name="validlogin" time="0.0">
    <skipped/>
  </testcase> <!-- validlogin -->
  <testcase classname="regressionscripts.InvalidLogin" name="InvalidLogin" time="0.0">
    <skipped/>
  </testcase> <!-- InvalidLogin -->
</testsuite> <!-- Test_Chrome -->
