<?xml version="1.0" encoding="UTF-8"?>
<testsuite xmlns:xsi="http://www.w3.org/2001/XMLSchema-instance" xsi:noNamespaceSchemaLocation="https://maven.apache.org/surefire/maven-surefire-plugin/xsd/surefire-test-report.xsd" name="TestSuite" time="3.464" tests="12" errors="0" skipped="8" failures="4">
  <properties>
    <property name="java.specification.version" value="18"/>
    <property name="sun.cpu.isalist" value="amd64"/>
    <property name="sun.jnu.encoding" value="Cp1252"/>
    <property name="java.class.path" value="C:\Users\laksh\Downloads\trialproject\target\test-classes;C:\Users\laksh\Downloads\trialproject\target\classes;C:\Users\laksh\.m2\repository\junit\junit\4.11\junit-4.11.jar;C:\Users\laksh\.m2\repository\org\hamcrest\hamcrest-core\1.3\hamcrest-core-1.3.jar;C:\Users\laksh\.m2\repository\org\seleniumhq\selenium\selenium-java\3.141.59\selenium-java-3.141.59.jar;C:\Users\laksh\.m2\repository\org\seleniumhq\selenium\selenium-api\3.141.59\selenium-api-3.141.59.jar;C:\Users\laksh\.m2\repository\org\seleniumhq\selenium\selenium-chrome-driver\3.141.59\selenium-chrome-driver-3.141.59.jar;C:\Users\laksh\.m2\repository\org\seleniumhq\selenium\selenium-edge-driver\3.141.59\selenium-edge-driver-3.141.59.jar;C:\Users\laksh\.m2\repository\org\seleniumhq\selenium\selenium-firefox-driver\3.141.59\selenium-firefox-driver-3.141.59.jar;C:\Users\laksh\.m2\repository\org\seleniumhq\selenium\selenium-ie-driver\3.141.59\selenium-ie-driver-3.141.59.jar;C:\Users\laksh\.m2\repository\org\seleniumhq\selenium\selenium-opera-driver\3.141.59\selenium-opera-driver-3.141.59.jar;C:\Users\laksh\.m2\repository\org\seleniumhq\selenium\selenium-remote-driver\3.141.59\selenium-remote-driver-3.141.59.jar;C:\Users\laksh\.m2\repository\org\seleniumhq\selenium\selenium-safari-driver\3.141.59\selenium-safari-driver-3.141.59.jar;C:\Users\laksh\.m2\repository\org\seleniumhq\selenium\selenium-support\3.141.59\selenium-support-3.141.59.jar;C:\Users\laksh\.m2\repository\net\bytebuddy\byte-buddy\1.8.15\byte-buddy-1.8.15.jar;C:\Users\laksh\.m2\repository\org\apache\commons\commons-exec\1.3\commons-exec-1.3.jar;C:\Users\laksh\.m2\repository\com\google\guava\guava\25.0-jre\guava-25.0-jre.jar;C:\Users\laksh\.m2\repository\com\google\code\findbugs\jsr305\1.3.9\jsr305-1.3.9.jar;C:\Users\laksh\.m2\repository\org\checkerframework\checker-compat-qual\2.0.0\checker-compat-qual-2.0.0.jar;C:\Users\laksh\.m2\repository\com\google\errorprone\error_prone_annotations\2.1.3\error_prone_annotations-2.1.3.jar;C:\Users\laksh\.m2\repository\com\google\j2objc\j2objc-annotations\1.1\j2objc-annotations-1.1.jar;C:\Users\laksh\.m2\repository\org\codehaus\mojo\animal-sniffer-annotations\1.14\animal-sniffer-annotations-1.14.jar;C:\Users\laksh\.m2\repository\com\squareup\okhttp3\okhttp\3.11.0\okhttp-3.11.0.jar;C:\Users\laksh\.m2\repository\com\squareup\okio\okio\1.14.0\okio-1.14.0.jar;C:\Users\laksh\.m2\repository\org\apache\poi\poi-ooxml\3.17\poi-ooxml-3.17.jar;C:\Users\laksh\.m2\repository\org\apache\poi\poi\3.17\poi-3.17.jar;C:\Users\laksh\.m2\repository\commons-codec\commons-codec\1.10\commons-codec-1.10.jar;C:\Users\laksh\.m2\repository\org\apache\commons\commons-collections4\4.1\commons-collections4-4.1.jar;C:\Users\laksh\.m2\repository\org\apache\poi\poi-ooxml-schemas\3.17\poi-ooxml-schemas-3.17.jar;C:\Users\laksh\.m2\repository\org\apache\xmlbeans\xmlbeans\2.6.0\xmlbeans-2.6.0.jar;C:\Users\laksh\.m2\repository\stax\stax-api\1.0.1\stax-api-1.0.1.jar;C:\Users\laksh\.m2\repository\com\github\virtuald\curvesapi\1.04\curvesapi-1.04.jar;C:\Users\laksh\.m2\repository\org\testng\testng\6.14.3\testng-6.14.3.jar;C:\Users\laksh\.m2\repository\com\beust\jcommander\1.72\jcommander-1.72.jar;C:\Users\laksh\.m2\repository\org\apache-extras\beanshell\bsh\2.0b6\bsh-2.0b6.jar;"/>
    <property name="java.vm.vendor" value="Oracle Corporation"/>
    <property name="sun.arch.data.model" value="64"/>
    <property name="user.variant" value=""/>
    <property name="java.vendor.url" value="https://java.oracle.com/"/>
    <property name="user.timezone" value="Asia/Calcutta"/>
    <property name="os.name" value="Windows 11"/>
    <property name="java.vm.specification.version" value="18"/>
    <property name="sun.java.launcher" value="SUN_STANDARD"/>
    <property name="user.country" value="IN"/>
    <property name="sun.boot.library.path" value="C:\Program Files\Java\jdk-18.0.1.1\bin"/>
    <property name="sun.java.command" value="C:\Users\laksh\AppData\Local\Temp\surefire12645741423621679452\surefirebooter6491356241530461063.jar C:\Users\laksh\AppData\Local\Temp\surefire12645741423621679452 2022-09-16T21-54-39_783-jvmRun1 surefire8419313986420171699tmp surefire_06164728918915758554tmp"/>
    <property name="jdk.debug" value="release"/>
    <property name="surefire.test.class.path" value="C:\Users\laksh\Downloads\trialproject\target\test-classes;C:\Users\laksh\Downloads\trialproject\target\classes;C:\Users\laksh\.m2\repository\junit\junit\4.11\junit-4.11.jar;C:\Users\laksh\.m2\repository\org\hamcrest\hamcrest-core\1.3\hamcrest-core-1.3.jar;C:\Users\laksh\.m2\repository\org\seleniumhq\selenium\selenium-java\3.141.59\selenium-java-3.141.59.jar;C:\Users\laksh\.m2\repository\org\seleniumhq\selenium\selenium-api\3.141.59\selenium-api-3.141.59.jar;C:\Users\laksh\.m2\repository\org\seleniumhq\selenium\selenium-chrome-driver\3.141.59\selenium-chrome-driver-3.141.59.jar;C:\Users\laksh\.m2\repository\org\seleniumhq\selenium\selenium-edge-driver\3.141.59\selenium-edge-driver-3.141.59.jar;C:\Users\laksh\.m2\repository\org\seleniumhq\selenium\selenium-firefox-driver\3.141.59\selenium-firefox-driver-3.141.59.jar;C:\Users\laksh\.m2\repository\org\seleniumhq\selenium\selenium-ie-driver\3.141.59\selenium-ie-driver-3.141.59.jar;C:\Users\laksh\.m2\repository\org\seleniumhq\selenium\selenium-opera-driver\3.141.59\selenium-opera-driver-3.141.59.jar;C:\Users\laksh\.m2\repository\org\seleniumhq\selenium\selenium-remote-driver\3.141.59\selenium-remote-driver-3.141.59.jar;C:\Users\laksh\.m2\repository\org\seleniumhq\selenium\selenium-safari-driver\3.141.59\selenium-safari-driver-3.141.59.jar;C:\Users\laksh\.m2\repository\org\seleniumhq\selenium\selenium-support\3.141.59\selenium-support-3.141.59.jar;C:\Users\laksh\.m2\repository\net\bytebuddy\byte-buddy\1.8.15\byte-buddy-1.8.15.jar;C:\Users\laksh\.m2\repository\org\apache\commons\commons-exec\1.3\commons-exec-1.3.jar;C:\Users\laksh\.m2\repository\com\google\guava\guava\25.0-jre\guava-25.0-jre.jar;C:\Users\laksh\.m2\repository\com\google\code\findbugs\jsr305\1.3.9\jsr305-1.3.9.jar;C:\Users\laksh\.m2\repository\org\checkerframework\checker-compat-qual\2.0.0\checker-compat-qual-2.0.0.jar;C:\Users\laksh\.m2\repository\com\google\errorprone\error_prone_annotations\2.1.3\error_prone_annotations-2.1.3.jar;C:\Users\laksh\.m2\repository\com\google\j2objc\j2objc-annotations\1.1\j2objc-annotations-1.1.jar;C:\Users\laksh\.m2\repository\org\codehaus\mojo\animal-sniffer-annotations\1.14\animal-sniffer-annotations-1.14.jar;C:\Users\laksh\.m2\repository\com\squareup\okhttp3\okhttp\3.11.0\okhttp-3.11.0.jar;C:\Users\laksh\.m2\repository\com\squareup\okio\okio\1.14.0\okio-1.14.0.jar;C:\Users\laksh\.m2\repository\org\apache\poi\poi-ooxml\3.17\poi-ooxml-3.17.jar;C:\Users\laksh\.m2\repository\org\apache\poi\poi\3.17\poi-3.17.jar;C:\Users\laksh\.m2\repository\commons-codec\commons-codec\1.10\commons-codec-1.10.jar;C:\Users\laksh\.m2\repository\org\apache\commons\commons-collections4\4.1\commons-collections4-4.1.jar;C:\Users\laksh\.m2\repository\org\apache\poi\poi-ooxml-schemas\3.17\poi-ooxml-schemas-3.17.jar;C:\Users\laksh\.m2\repository\org\apache\xmlbeans\xmlbeans\2.6.0\xmlbeans-2.6.0.jar;C:\Users\laksh\.m2\repository\stax\stax-api\1.0.1\stax-api-1.0.1.jar;C:\Users\laksh\.m2\repository\com\github\virtuald\curvesapi\1.04\curvesapi-1.04.jar;C:\Users\laksh\.m2\repository\org\testng\testng\6.14.3\testng-6.14.3.jar;C:\Users\laksh\.m2\repository\com\beust\jcommander\1.72\jcommander-1.72.jar;C:\Users\laksh\.m2\repository\org\apache-extras\beanshell\bsh\2.0b6\bsh-2.0b6.jar;"/>
    <property name="sun.cpu.endian" value="little"/>
    <property name="user.home" value="C:\Users\laksh"/>
    <property name="user.language" value="en"/>
    <property name="java.specification.vendor" value="Oracle Corporation"/>
    <property name="java.version.date" value="2022-04-22"/>
    <property name="java.home" value="C:\Program Files\Java\jdk-18.0.1.1"/>
    <property name="file.separator" value="\"/>
    <property name="basedir" value="C:\Users\laksh\Downloads\trialproject"/>
    <property name="java.vm.compressedOopsMode" value="32-bit"/>
    <property name="line.separator" value="&#10;"/>
    <property name="java.vm.specification.vendor" value="Oracle Corporation"/>
    <property name="java.specification.name" value="Java Platform API Specification"/>
    <property name="surefire.real.class.path" value="C:\Users\laksh\AppData\Local\Temp\surefire12645741423621679452\surefirebooter6491356241530461063.jar"/>
    <property name="user.script" value=""/>
    <property name="sun.management.compiler" value="HotSpot 64-Bit Tiered Compilers"/>
    <property name="java.runtime.version" value="18.0.1.1+2-6"/>
    <property name="user.name" value="laksh"/>
    <property name="path.separator" value=";"/>
    <property name="os.version" value="10.0"/>
    <property name="java.runtime.name" value="Java(TM) SE Runtime Environment"/>
    <property name="file.encoding" value="UTF-8"/>
    <property name="java.vm.name" value="Java HotSpot(TM) 64-Bit Server VM"/>
    <property name="localRepository" value="C:\Users\laksh\.m2\repository"/>
    <property name="java.vendor.url.bug" value="https://bugreport.java.com/bugreport/"/>
    <property name="java.io.tmpdir" value="C:\Users\laksh\AppData\Local\Temp\"/>
    <property name="java.version" value="18.0.1.1"/>
    <property name="user.dir" value="C:\Users\laksh\Downloads\trialproject"/>
    <property name="os.arch" value="amd64"/>
    <property name="java.vm.specification.name" value="Java Virtual Machine Specification"/>
    <property name="sun.os.patch.level" value=""/>
    <property name="native.encoding" value="Cp1252"/>
    <property name="java.library.path" value="C:\Program Files\Java\jdk-18.0.1.1\bin;C:\Windows\Sun\Java\bin;C:\Windows\system32;C:\Windows;C:\Program Files\Common Files\Oracle\Java\javapath;C:\Windows\system32;C:\Windows;C:\Windows\System32\Wbem;C:\Windows\System32\WindowsPowerShell\v1.0\;C:\Windows\System32\OpenSSH\;C:\Program Files\Java\jdk-18.0.1.1\bin;C:\Users\laksh\AppData\Local\Microsoft\WindowsApps;;."/>
    <property name="java.vm.info" value="mixed mode, sharing"/>
    <property name="java.vendor" value="Oracle Corporation"/>
    <property name="java.vm.version" value="18.0.1.1+2-6"/>
    <property name="sun.io.unicode.encoding" value="UnicodeLittle"/>
    <property name="java.class.version" value="62.0"/>
  </properties>
  <testcase name="openAppn" classname="regressionscripts.ValidLogin" time="1.146">
    <failure message="The driver executable does not exist: C:\Users\laksh\Do\geckodriver-v0.31.0-win32\geckodriver.exe" type="java.lang.IllegalStateException">java.lang.IllegalStateException: The driver executable does not exist: C:\Users\laksh\Do\geckodriver-v0.31.0-win32\geckodriver.exe
</failure>
    <system-out><![CDATA[[TestNGContentHandler] [WARN] It is strongly recommended to add "<!DOCTYPE suite SYSTEM "http://testng.org/testng-1.0.dtd" >" at the top of your file, otherwise TestNG may fail or not work as expected.
]]></system-out>
  </testcase>
  <testcase name="openAppn" classname="regressionscripts.ValidLogin" time="2.502">
    <failure message="session not created: This version of ChromeDriver only supports Chrome version 103&#10;Current browser version is 105.0.5195.127 with binary path C:\Program Files\Google\Chrome\Application\chrome.exe&#10;Build info: version: &apos;3.141.59&apos;, revision: &apos;e82be7d358&apos;, time: &apos;2018-11-14T08:17:03&apos;&#10;System info: host: &apos;LAKSHMIPC&apos;, ip: &apos;192.168.43.133&apos;, os.name: &apos;Windows 11&apos;, os.arch: &apos;amd64&apos;, os.version: &apos;10.0&apos;, java.version: &apos;18.0.1.1&apos;&#10;Driver info: driver.version: ChromeDriver&#10;remote stacktrace: Backtrace:&#10;	Ordinal0 [0x00635FD3+2187219]&#10;	Ordinal0 [0x005CE6D1+1763025]&#10;	Ordinal0 [0x004E3E78+802424]&#10;	Ordinal0 [0x005051F9+938489]&#10;	Ordinal0 [0x00500DDC+921052]&#10;	Ordinal0 [0x004FE691+910993]&#10;	Ordinal0 [0x005317F0+1120240]&#10;	Ordinal0 [0x0053144A+1119306]&#10;	Ordinal0 [0x0052C9A6+1100198]&#10;	Ordinal0 [0x00506F80+946048]&#10;	Ordinal0 [0x00507E76+949878]&#10;	GetHandleVerifier [0x008D90C2+2721218]&#10;	GetHandleVerifier [0x008CAAF0+2662384]&#10;	GetHandleVerifier [0x006C137A+526458]&#10;	GetHandleVerifier [0x006C0416+522518]&#10;	Ordinal0 [0x005D4EAB+1789611]&#10;	Ordinal0 [0x005D97A8+1808296]&#10;	Ordinal0 [0x005D9895+1808533]&#10;	Ordinal0 [0x005E26C1+1844929]&#10;	BaseThreadInitThunk [0x76FB6739+25]&#10;	RtlGetFullPathName_UEx [0x77AD90AF+1215]&#10;	RtlGetFullPathName_UEx [0x77AD907D+1165]&#10;" type="org.openqa.selenium.SessionNotCreatedException">org.openqa.selenium.SessionNotCreatedException: 
session not created: This version of ChromeDriver only supports Chrome version 103
Current browser version is 105.0.5195.127 with binary path C:\Program Files\Google\Chrome\Application\chrome.exe
Build info: version: '3.141.59', revision: 'e82be7d358', time: '2018-11-14T08:17:03'
System info: host: 'LAKSHMIPC', ip: '192.168.43.133', os.name: 'Windows 11', os.arch: 'amd64', os.version: '10.0', java.version: '18.0.1.1'
Driver info: driver.version: ChromeDriver
remote stacktrace: Backtrace:
	Ordinal0 [0x00635FD3+2187219]
	Ordinal0 [0x005CE6D1+1763025]
	Ordinal0 [0x004E3E78+802424]
	Ordinal0 [0x005051F9+938489]
	Ordinal0 [0x00500DDC+921052]
	Ordinal0 [0x004FE691+910993]
	Ordinal0 [0x005317F0+1120240]
	Ordinal0 [0x0053144A+1119306]
	Ordinal0 [0x0052C9A6+1100198]
	Ordinal0 [0x00506F80+946048]
	Ordinal0 [0x00507E76+949878]
	GetHandleVerifier [0x008D90C2+2721218]
	GetHandleVerifier [0x008CAAF0+2662384]
	GetHandleVerifier [0x006C137A+526458]
	GetHandleVerifier [0x006C0416+522518]
	Ordinal0 [0x005D4EAB+1789611]
	Ordinal0 [0x005D97A8+1808296]
	Ordinal0 [0x005D9895+1808533]
	Ordinal0 [0x005E26C1+1844929]
	BaseThreadInitThunk [0x76FB6739+25]
	RtlGetFullPathName_UEx [0x77AD90AF+1215]
	RtlGetFullPathName_UEx [0x77AD907D+1165]

</failure>
    <system-err><![CDATA[Starting ChromeDriver 103.0.5060.134 (8ec6fce403b3feb0869b0732eda8bd95011d333c-refs/branch-heads/5060@{#1262}) on port 21997
Only local connections are allowed.
Please see https://chromedriver.chromium.org/security-considerations for suggestions on keeping ChromeDriver safe.
ChromeDriver was started successfully.
]]></system-err>
  </testcase>
  <testcase name="validlogin" classname="regressionscripts.ValidLogin" time="0">
    <skipped message="The driver executable does not exist: C:\Users\laksh\Do\geckodriver-v0.31.0-win32\geckodriver.exe"/>
  </testcase>
  <testcase name="validlogin" classname="regressionscripts.ValidLogin" time="0">
    <skipped message="session not created: This version of ChromeDriver only supports Chrome version 103&#10;Current browser version is 105.0.5195.127 with binary path C:\Program Files\Google\Chrome\Application\chrome.exe&#10;Build info: version: &apos;3.141.59&apos;, revision: &apos;e82be7d358&apos;, time: &apos;2018-11-14T08:17:03&apos;&#10;System info: host: &apos;LAKSHMIPC&apos;, ip: &apos;192.168.43.133&apos;, os.name: &apos;Windows 11&apos;, os.arch: &apos;amd64&apos;, os.version: &apos;10.0&apos;, java.version: &apos;18.0.1.1&apos;&#10;Driver info: driver.version: ChromeDriver&#10;remote stacktrace: Backtrace:&#10;	Ordinal0 [0x00635FD3+2187219]&#10;	Ordinal0 [0x005CE6D1+1763025]&#10;	Ordinal0 [0x004E3E78+802424]&#10;	Ordinal0 [0x005051F9+938489]&#10;	Ordinal0 [0x00500DDC+921052]&#10;	Ordinal0 [0x004FE691+910993]&#10;	Ordinal0 [0x005317F0+1120240]&#10;	Ordinal0 [0x0053144A+1119306]&#10;	Ordinal0 [0x0052C9A6+1100198]&#10;	Ordinal0 [0x00506F80+946048]&#10;	Ordinal0 [0x00507E76+949878]&#10;	GetHandleVerifier [0x008D90C2+2721218]&#10;	GetHandleVerifier [0x008CAAF0+2662384]&#10;	GetHandleVerifier [0x006C137A+526458]&#10;	GetHandleVerifier [0x006C0416+522518]&#10;	Ordinal0 [0x005D4EAB+1789611]&#10;	Ordinal0 [0x005D97A8+1808296]&#10;	Ordinal0 [0x005D9895+1808533]&#10;	Ordinal0 [0x005E26C1+1844929]&#10;	BaseThreadInitThunk [0x76FB6739+25]&#10;	RtlGetFullPathName_UEx [0x77AD90AF+1215]&#10;	RtlGetFullPathName_UEx [0x77AD907D+1165]&#10;"/>
  </testcase>
  <testcase name="closeAppn" classname="regressionscripts.ValidLogin" time="0">
    <skipped/>
  </testcase>
  <testcase name="closeAppn" classname="regressionscripts.ValidLogin" time="0">
    <skipped/>
  </testcase>
  <testcase name="openAppn" classname="regressionscripts.InvalidLogin" time="1.155">
    <failure message="The driver executable does not exist: C:\Users\laksh\Do\geckodriver-v0.31.0-win32\geckodriver.exe" type="java.lang.IllegalStateException">java.lang.IllegalStateException: The driver executable does not exist: C:\Users\laksh\Do\geckodriver-v0.31.0-win32\geckodriver.exe
</failure>
  </testcase>
  <testcase name="openAppn" classname="regressionscripts.InvalidLogin" time="3.335">
    <failure message="session not created: This version of ChromeDriver only supports Chrome version 103&#10;Current browser version is 105.0.5195.127 with binary path C:\Program Files\Google\Chrome\Application\chrome.exe&#10;Build info: version: &apos;3.141.59&apos;, revision: &apos;e82be7d358&apos;, time: &apos;2018-11-14T08:17:03&apos;&#10;System info: host: &apos;LAKSHMIPC&apos;, ip: &apos;192.168.43.133&apos;, os.name: &apos;Windows 11&apos;, os.arch: &apos;amd64&apos;, os.version: &apos;10.0&apos;, java.version: &apos;18.0.1.1&apos;&#10;Driver info: driver.version: ChromeDriver&#10;remote stacktrace: Backtrace:&#10;	Ordinal0 [0x00635FD3+2187219]&#10;	Ordinal0 [0x005CE6D1+1763025]&#10;	Ordinal0 [0x004E3E78+802424]&#10;	Ordinal0 [0x005051F9+938489]&#10;	Ordinal0 [0x00500DDC+921052]&#10;	Ordinal0 [0x004FE691+910993]&#10;	Ordinal0 [0x005317F0+1120240]&#10;	Ordinal0 [0x0053144A+1119306]&#10;	Ordinal0 [0x0052C9A6+1100198]&#10;	Ordinal0 [0x00506F80+946048]&#10;	Ordinal0 [0x00507E76+949878]&#10;	GetHandleVerifier [0x008D90C2+2721218]&#10;	GetHandleVerifier [0x008CAAF0+2662384]&#10;	GetHandleVerifier [0x006C137A+526458]&#10;	GetHandleVerifier [0x006C0416+522518]&#10;	Ordinal0 [0x005D4EAB+1789611]&#10;	Ordinal0 [0x005D97A8+1808296]&#10;	Ordinal0 [0x005D9895+1808533]&#10;	Ordinal0 [0x005E26C1+1844929]&#10;	BaseThreadInitThunk [0x76FB6739+25]&#10;	RtlGetFullPathName_UEx [0x77AD90AF+1215]&#10;	RtlGetFullPathName_UEx [0x77AD907D+1165]&#10;" type="org.openqa.selenium.SessionNotCreatedException">org.openqa.selenium.SessionNotCreatedException: 
session not created: This version of ChromeDriver only supports Chrome version 103
Current browser version is 105.0.5195.127 with binary path C:\Program Files\Google\Chrome\Application\chrome.exe
Build info: version: '3.141.59', revision: 'e82be7d358', time: '2018-11-14T08:17:03'
System info: host: 'LAKSHMIPC', ip: '192.168.43.133', os.name: 'Windows 11', os.arch: 'amd64', os.version: '10.0', java.version: '18.0.1.1'
Driver info: driver.version: ChromeDriver
remote stacktrace: Backtrace:
	Ordinal0 [0x00635FD3+2187219]
	Ordinal0 [0x005CE6D1+1763025]
	Ordinal0 [0x004E3E78+802424]
	Ordinal0 [0x005051F9+938489]
	Ordinal0 [0x00500DDC+921052]
	Ordinal0 [0x004FE691+910993]
	Ordinal0 [0x005317F0+1120240]
	Ordinal0 [0x0053144A+1119306]
	Ordinal0 [0x0052C9A6+1100198]
	Ordinal0 [0x00506F80+946048]
	Ordinal0 [0x00507E76+949878]
	GetHandleVerifier [0x008D90C2+2721218]
	GetHandleVerifier [0x008CAAF0+2662384]
	GetHandleVerifier [0x006C137A+526458]
	GetHandleVerifier [0x006C0416+522518]
	Ordinal0 [0x005D4EAB+1789611]
	Ordinal0 [0x005D97A8+1808296]
	Ordinal0 [0x005D9895+1808533]
	Ordinal0 [0x005E26C1+1844929]
	BaseThreadInitThunk [0x76FB6739+25]
	RtlGetFullPathName_UEx [0x77AD90AF+1215]
	RtlGetFullPathName_UEx [0x77AD907D+1165]

</failure>
    <system-err><![CDATA[Starting ChromeDriver 103.0.5060.134 (8ec6fce403b3feb0869b0732eda8bd95011d333c-refs/branch-heads/5060@{#1262}) on port 10281
Only local connections are allowed.
Please see https://chromedriver.chromium.org/security-considerations for suggestions on keeping ChromeDriver safe.
ChromeDriver was started successfully.
]]></system-err>
  </testcase>
  <testcase name="InvalidLogin" classname="regressionscripts.InvalidLogin" time="0">
    <skipped message="The driver executable does not exist: C:\Users\laksh\Do\geckodriver-v0.31.0-win32\geckodriver.exe"/>
  </testcase>
  <testcase name="InvalidLogin" classname="regressionscripts.InvalidLogin" time="0">
    <skipped message="session not created: This version of ChromeDriver only supports Chrome version 103&#10;Current browser version is 105.0.5195.127 with binary path C:\Program Files\Google\Chrome\Application\chrome.exe&#10;Build info: version: &apos;3.141.59&apos;, revision: &apos;e82be7d358&apos;, time: &apos;2018-11-14T08:17:03&apos;&#10;System info: host: &apos;LAKSHMIPC&apos;, ip: &apos;192.168.43.133&apos;, os.name: &apos;Windows 11&apos;, os.arch: &apos;amd64&apos;, os.version: &apos;10.0&apos;, java.version: &apos;18.0.1.1&apos;&#10;Driver info: driver.version: ChromeDriver&#10;remote stacktrace: Backtrace:&#10;	Ordinal0 [0x00635FD3+2187219]&#10;	Ordinal0 [0x005CE6D1+1763025]&#10;	Ordinal0 [0x004E3E78+802424]&#10;	Ordinal0 [0x005051F9+938489]&#10;	Ordinal0 [0x00500DDC+921052]&#10;	Ordinal0 [0x004FE691+910993]&#10;	Ordinal0 [0x005317F0+1120240]&#10;	Ordinal0 [0x0053144A+1119306]&#10;	Ordinal0 [0x0052C9A6+1100198]&#10;	Ordinal0 [0x00506F80+946048]&#10;	Ordinal0 [0x00507E76+949878]&#10;	GetHandleVerifier [0x008D90C2+2721218]&#10;	GetHandleVerifier [0x008CAAF0+2662384]&#10;	GetHandleVerifier [0x006C137A+526458]&#10;	GetHandleVerifier [0x006C0416+522518]&#10;	Ordinal0 [0x005D4EAB+1789611]&#10;	Ordinal0 [0x005D97A8+1808296]&#10;	Ordinal0 [0x005D9895+1808533]&#10;	Ordinal0 [0x005E26C1+1844929]&#10;	BaseThreadInitThunk [0x76FB6739+25]&#10;	RtlGetFullPathName_UEx [0x77AD90AF+1215]&#10;	RtlGetFullPathName_UEx [0x77AD907D+1165]&#10;"/>
  </testcase>
  <testcase name="closeAppn" classname="regressionscripts.InvalidLogin" time="0">
    <skipped/>
  </testcase>
  <testcase name="closeAppn" classname="regressionscripts.InvalidLogin" time="0">
    <skipped/>
  </testcase>
</testsuite>